<?xml version="1.0" encoding="UTF-8"?>
<!-- Generated by org.testng.reporters.JUnitReportReporter -->
<testsuite skipped="0" hostname="SKAR1201135" name="br.com.rsinet.hub.tdd.test.RealizarLogin" tests="2" failures="0" timestamp="2020-03-27T15:50:49 BRT" time="28.990" errors="0">
  <testcase name="realizarLoginSucesso" time="14.248" classname="br.com.rsinet.hub.tdd.test.RealizarLogin"/>
  <system-out/>
  <testcase name="realizarLoginFalha" time="14.742" classname="br.com.rsinet.hub.tdd.test.RealizarLogin"/>
  <system-out/>
</testsuite> <!-- br.com.rsinet.hub.tdd.test.RealizarLogin -->
