<?xml version="1.0" encoding="UTF-8"?>
<!-- Generated by org.testng.reporters.JUnitReportReporter -->
<testsuite skipped="0" hostname="SKAR1201135" name="br.com.rsinet.hub.tdd.test.RealizarLogin" tests="1" failures="0" timestamp="2020-03-24T16:31:34 BRT" time="14.341" errors="0">
  <testcase name="realizarLoginSucesso" time="14.341" classname="br.com.rsinet.hub.tdd.test.RealizarLogin"/>
  <system-out/>
</testsuite> <!-- br.com.rsinet.hub.tdd.test.RealizarLogin -->
