<?xml version="1.0" encoding="UTF-8"?>
<!-- Generated by org.testng.reporters.JUnitReportReporter -->
<testsuite skipped="0" hostname="SKAR1201135" name="br.com.rsinet.hub.tdd.test.RealizarLogin" tests="2" failures="0" timestamp="2020-03-26T11:55:01 BRT" time="29.071" errors="0">
  <testcase name="realizarLoginFalha" time="15.191" classname="br.com.rsinet.hub.tdd.test.RealizarLogin"/>
  <system-out/>
  <testcase name="realizarLoginSucesso" time="13.880" classname="br.com.rsinet.hub.tdd.test.RealizarLogin"/>
  <system-out/>
</testsuite> <!-- br.com.rsinet.hub.tdd.test.RealizarLogin -->
